<?xml version="1.0" encoding="UTF-8"?>
<!-- Generated by org.testng.reporters.JUnitXMLReporter -->
<testsuite hostname="Yammys-MacBook-Pro.local" name="test_Apple iPhone SE 10.3.2" tests="2" failures="2" timestamp="19 Jul 2017 05:24:53 GMT" time="248.012" errors="0">
  <testcase name="@AfterClass afterClass" time="0.0" classname="pcloudy.testng.TestClass1">
    <failure type="java.lang.NullPointerException">
      <![CDATA[java.lang.NullPointerException
	at pcloudy.testng.TestSetUp.afterClass(TestSetUp.java:68)
	at java.util.concurrent.FutureTask.run(FutureTask.java:266)
	at java.util.concurrent.ThreadPoolExecutor.runWorker(ThreadPoolExecutor.java:1142)
	at java.util.concurrent.ThreadPoolExecutor$Worker.run(ThreadPoolExecutor.java:617)
	at java.lang.Thread.run(Thread.java:745)
... Removed 16 stack frames]]>
    </failure>
  </testcase> <!-- @AfterClass afterClass -->
  <testcase name="@AfterClass afterClass" time="0.0" classname="pcloudy.testng.TestClass2">
    <failure type="java.lang.NullPointerException">
      <![CDATA[java.lang.NullPointerException
	at pcloudy.testng.TestSetUp.afterClass(TestSetUp.java:68)
	at java.util.concurrent.FutureTask.run(FutureTask.java:266)
	at java.util.concurrent.ThreadPoolExecutor.runWorker(ThreadPoolExecutor.java:1142)
	at java.util.concurrent.ThreadPoolExecutor$Worker.run(ThreadPoolExecutor.java:617)
	at java.lang.Thread.run(Thread.java:745)
... Removed 16 stack frames]]>
    </failure>
  </testcase> <!-- @AfterClass afterClass -->
  <testcase name="test1" time="7.069" classname="pcloudy.testng.TestClass1">
    <failure type="java.lang.NullPointerException">
      <![CDATA[java.lang.NullPointerException
	at pcloudy.testng.TestClass1.test1(TestClass1.java:30)
	at java.util.concurrent.FutureTask.run(FutureTask.java:266)
	at java.util.concurrent.ThreadPoolExecutor.runWorker(ThreadPoolExecutor.java:1142)
	at java.util.concurrent.ThreadPoolExecutor$Worker.run(ThreadPoolExecutor.java:617)
	at java.lang.Thread.run(Thread.java:745)
... Removed 16 stack frames]]>
    </failure>
  </testcase> <!-- test1 -->
  <testcase name="test2" time="0.788" classname="pcloudy.testng.TestClass2">
    <failure type="java.lang.NullPointerException">
      <![CDATA[java.lang.NullPointerException
	at pcloudy.testng.TestClass2.test2(TestClass2.java:29)
	at java.util.concurrent.FutureTask.run(FutureTask.java:266)
	at java.util.concurrent.ThreadPoolExecutor.runWorker(ThreadPoolExecutor.java:1142)
	at java.util.concurrent.ThreadPoolExecutor$Worker.run(ThreadPoolExecutor.java:617)
	at java.lang.Thread.run(Thread.java:745)
... Removed 16 stack frames]]>
    </failure>
  </testcase> <!-- test2 -->
</testsuite> <!-- test_Apple iPhone SE 10.3.2 -->
