<?xml version="1.0" encoding="UTF-8"?>
<testng-results skipped="0" failed="0" ignored="0" total="1" passed="1">
  <reporter-output>
  </reporter-output>
  <suite name="Default suite" duration-ms="47351" started-at="2018-07-31T12:01:40Z" finished-at="2018-07-31T12:02:28Z">
    <groups>
    </groups>
    <test name="Default test" duration-ms="47351" started-at="2018-07-31T12:01:40Z" finished-at="2018-07-31T12:02:28Z">
      <class name="com.pCloudy.testNG.Runner">
        <test-method status="PASS" signature="setUpSuite()[pri:0, instance:com.pCloudy.testNG.Runner@64bf3bbf]" name="setUpSuite" is-config="true" duration-ms="11" started-at="2018-07-31T17:31:40Z" finished-at="2018-07-31T17:31:40Z">
          <reporter-output>
          </reporter-output>
        </test-method> <!-- setUpSuite -->
        <test-method status="PASS" signature="prepareTest()[pri:0, instance:com.pCloudy.testNG.Runner@64bf3bbf]" name="prepareTest" is-config="true" duration-ms="43347" started-at="2018-07-31T17:31:40Z" finished-at="2018-07-31T17:32:24Z">
          <reporter-output>
          </reporter-output>
        </test-method> <!-- prepareTest -->
        <test-method status="PASS" signature="Test()[pri:0, instance:com.pCloudy.testNG.Runner@64bf3bbf]" name="Test" duration-ms="2612" started-at="2018-07-31T17:32:24Z" finished-at="2018-07-31T17:32:26Z">
          <reporter-output>
          </reporter-output>
        </test-method> <!-- Test -->
        <test-method status="PASS" signature="endTest()[pri:0, instance:com.pCloudy.testNG.Runner@64bf3bbf]" name="endTest" is-config="true" duration-ms="1357" started-at="2018-07-31T17:32:26Z" finished-at="2018-07-31T17:32:28Z">
          <reporter-output>
          </reporter-output>
        </test-method> <!-- endTest -->
      </class> <!-- com.pCloudy.testNG.Runner -->
    </test> <!-- Default test -->
  </suite> <!-- Default suite -->
</testng-results>
