<?xml version="1.0" encoding="UTF-8"?>
<testsuite xmlns:xsi="http://www.w3.org/2001/XMLSchema-instance" xsi:noNamespaceSchemaLocation="https://maven.apache.org/surefire/maven-surefire-plugin/xsd/surefire-test-report.xsd" name="TestSuite" time="1.069" tests="5" errors="0" skipped="4" failures="1">
  <properties>
[...]
</properties>
  <testcase name="prepareTest" classname="com.pCloudy.testNG.LocalRunner" time="0.938">
    <failure message="org.apache.http.conn.HttpHostConnectException: Connect to 127.0.0.1:4723 [/127.0.0.1] failed: Connection refused (Connection refused)&#10;Build info: version: &apos;3.0.1&apos;, revision: &apos;1969d75&apos;, time: &apos;2016-10-18 09:49:13 -0700&apos;&#10;System info: host: &apos;Yammys-MacBook-Pro.local&apos;, ip: &apos;192.168.1.249&apos;, os.name: &apos;Mac OS X&apos;, os.arch: &apos;x86_64&apos;, os.version: &apos;10.12.5&apos;, java.version: &apos;1.8.0_121&apos;&#10;Driver info: driver.version: AndroidDriver" type="org.openqa.selenium.WebDriverException">org.openqa.selenium.WebDriverException: 
org.apache.http.conn.HttpHostConnectException: Connect to 127.0.0.1:4723 [/127.0.0.1] failed: Connection refused (Connection refused)
Build info: version: '3.0.1', revision: '1969d75', time: '2016-10-18 09:49:13 -0700'
System info: host: 'Yammys-MacBook-Pro.local', ip: '192.168.1.249', os.name: 'Mac OS X', os.arch: 'x86_64', os.version: '10.12.5', java.version: '1.8.0_121'
Driver info: driver.version: AndroidDriver
	at com.pCloudy.testNG.LocalRunner.prepareTest(LocalRunner.java:46)
Caused by: org.apache.http.conn.HttpHostConnectException: Connect to 127.0.0.1:4723 [/127.0.0.1] failed: Connection refused (Connection refused)
	at com.pCloudy.testNG.LocalRunner.prepareTest(LocalRunner.java:46)
Caused by: java.net.ConnectException: Connection refused (Connection refused)
	at com.pCloudy.testNG.LocalRunner.prepareTest(LocalRunner.java:46)
</failure>
    <system-err><![CDATA[Jul 19, 2017 1:04:26 PM org.openqa.selenium.remote.ProtocolHandshake createSession
INFO: Attempting bi-dialect session, assuming Postel's Law holds true on the remote end
]]></system-err>
  </testcase>
  <testcase name="prepareTest" classname="com.pCloudy.testNG.LocalRunner" time="0">
    <skipped/>
  </testcase>
  <testcase name="Test1" classname="com.pCloudy.testNG.LocalRunner" time="0">
    <skipped message="org.apache.http.conn.HttpHostConnectException: Connect to 127.0.0.1:4723 [/127.0.0.1] failed: Connection refused (Connection refused)&#10;Build info: version: &apos;3.0.1&apos;, revision: &apos;1969d75&apos;, time: &apos;2016-10-18 09:49:13 -0700&apos;&#10;System info: host: &apos;Yammys-MacBook-Pro.local&apos;, ip: &apos;192.168.1.249&apos;, os.name: &apos;Mac OS X&apos;, os.arch: &apos;x86_64&apos;, os.version: &apos;10.12.5&apos;, java.version: &apos;1.8.0_121&apos;&#10;Driver info: driver.version: AndroidDriver"/>
  </testcase>
  <testcase name="Test2" classname="com.pCloudy.testNG.LocalRunner" time="0">
    <skipped message="org.apache.http.conn.HttpHostConnectException: Connect to 127.0.0.1:4723 [/127.0.0.1] failed: Connection refused (Connection refused)&#10;Build info: version: &apos;3.0.1&apos;, revision: &apos;1969d75&apos;, time: &apos;2016-10-18 09:49:13 -0700&apos;&#10;System info: host: &apos;Yammys-MacBook-Pro.local&apos;, ip: &apos;192.168.1.249&apos;, os.name: &apos;Mac OS X&apos;, os.arch: &apos;x86_64&apos;, os.version: &apos;10.12.5&apos;, java.version: &apos;1.8.0_121&apos;&#10;Driver info: driver.version: AndroidDriver"/>
  </testcase>
  <testcase name="tearDownSuite" classname="com.pCloudy.testNG.LocalRunner" time="0">
    <skipped/>
  </testcase>
</testsuite>