<?xml version="1.0" encoding="UTF-8"?>
<testsuite xmlns:xsi="http://www.w3.org/2001/XMLSchema-instance" xsi:noNamespaceSchemaLocation="https://maven.apache.org/surefire/maven-surefire-plugin/xsd/surefire-test-report.xsd" name="TestSuite" time="45.031" tests="5" errors="0" skipped="4" failures="1">
  <properties>
[...]
</properties>
  <testcase name="prepareTest" classname="com.pCloudy.testng.LocalRunner" time="44.942">
    <failure message="Unable to create new remote session. desired capabilities = Capabilities [{appPackage=com.ba.mobile, appActivity=com.ba.mobile.LaunchActivity, app=/Users/Yammy/Documents/workspaceOFCpCloudy/TestNG-LocalSingleDevice/com.ba.mobile.apk, rotatable=true, newCommandTimeout=600, browserName=Android, platformName=Android, launchTimeout=90000, deviceName=ZH33B2DB9W}], required capabilities = Capabilities [{}]&#10;Build info: version: &apos;3.0.1&apos;, revision: &apos;1969d75&apos;, time: &apos;2016-10-18 09:49:13 -0700&apos;&#10;System info: host: &apos;Yammys-MacBook-Pro.local&apos;, ip: &apos;192.168.1.193&apos;, os.name: &apos;Mac OS X&apos;, os.arch: &apos;x86_64&apos;, os.version: &apos;10.12.5&apos;, java.version: &apos;1.8.0_121&apos;&#10;Driver info: driver.version: AndroidDriver" type="org.openqa.selenium.SessionNotCreatedException">org.openqa.selenium.SessionNotCreatedException: 
Unable to create new remote session. desired capabilities = Capabilities [{appPackage=com.ba.mobile, appActivity=com.ba.mobile.LaunchActivity, app=/Users/Yammy/Documents/workspaceOFCpCloudy/TestNG-LocalSingleDevice/com.ba.mobile.apk, rotatable=true, newCommandTimeout=600, browserName=Android, platformName=Android, launchTimeout=90000, deviceName=ZH33B2DB9W}], required capabilities = Capabilities [{}]
Build info: version: '3.0.1', revision: '1969d75', time: '2016-10-18 09:49:13 -0700'
System info: host: 'Yammys-MacBook-Pro.local', ip: '192.168.1.193', os.name: 'Mac OS X', os.arch: 'x86_64', os.version: '10.12.5', java.version: '1.8.0_121'
Driver info: driver.version: AndroidDriver
	at com.pCloudy.testng.LocalRunner.prepareTest(LocalRunner.java:46)
</failure>
    <system-err><![CDATA[Jul 18, 2017 12:14:42 PM org.openqa.selenium.remote.ProtocolHandshake createSession
INFO: Attempting bi-dialect session, assuming Postel's Law holds true on the remote end
Jul 18, 2017 12:15:04 PM org.openqa.selenium.remote.ProtocolHandshake createSession
INFO: Falling back to original OSS JSON Wire Protocol.
Jul 18, 2017 12:15:26 PM org.openqa.selenium.remote.ProtocolHandshake createSession
INFO: Falling back to straight W3C remote end connection
]]></system-err>
  </testcase>
  <testcase name="prepareTest" classname="com.pCloudy.testng.LocalRunner" time="0">
    <skipped/>
  </testcase>
  <testcase name="Test1" classname="com.pCloudy.testng.LocalRunner" time="0">
    <skipped message="Unable to create new remote session. desired capabilities = Capabilities [{appPackage=com.ba.mobile, appActivity=com.ba.mobile.LaunchActivity, app=/Users/Yammy/Documents/workspaceOFCpCloudy/TestNG-LocalSingleDevice/com.ba.mobile.apk, rotatable=true, newCommandTimeout=600, browserName=Android, platformName=Android, launchTimeout=90000, deviceName=ZH33B2DB9W}], required capabilities = Capabilities [{}]&#10;Build info: version: &apos;3.0.1&apos;, revision: &apos;1969d75&apos;, time: &apos;2016-10-18 09:49:13 -0700&apos;&#10;System info: host: &apos;Yammys-MacBook-Pro.local&apos;, ip: &apos;192.168.1.193&apos;, os.name: &apos;Mac OS X&apos;, os.arch: &apos;x86_64&apos;, os.version: &apos;10.12.5&apos;, java.version: &apos;1.8.0_121&apos;&#10;Driver info: driver.version: AndroidDriver"/>
  </testcase>
  <testcase name="Test2" classname="com.pCloudy.testng.LocalRunner" time="0">
    <skipped message="Unable to create new remote session. desired capabilities = Capabilities [{appPackage=com.ba.mobile, appActivity=com.ba.mobile.LaunchActivity, app=/Users/Yammy/Documents/workspaceOFCpCloudy/TestNG-LocalSingleDevice/com.ba.mobile.apk, rotatable=true, newCommandTimeout=600, browserName=Android, platformName=Android, launchTimeout=90000, deviceName=ZH33B2DB9W}], required capabilities = Capabilities [{}]&#10;Build info: version: &apos;3.0.1&apos;, revision: &apos;1969d75&apos;, time: &apos;2016-10-18 09:49:13 -0700&apos;&#10;System info: host: &apos;Yammys-MacBook-Pro.local&apos;, ip: &apos;192.168.1.193&apos;, os.name: &apos;Mac OS X&apos;, os.arch: &apos;x86_64&apos;, os.version: &apos;10.12.5&apos;, java.version: &apos;1.8.0_121&apos;&#10;Driver info: driver.version: AndroidDriver"/>
  </testcase>
  <testcase name="tearDownSuite" classname="com.pCloudy.testng.LocalRunner" time="0">
    <skipped/>
  </testcase>
</testsuite>