<?xml version="1.0" encoding="UTF-8"?>
<testng-results skipped="0" failed="0" ignored="0" total="2" passed="2">
  <reporter-output>
  </reporter-output>
  <suite name="pCloudy Suite" duration-ms="211034" started-at="2018-07-31T12:57:47Z" finished-at="2018-07-31T13:01:18Z">
    <groups>
    </groups>
    <test name="Test1" duration-ms="88983" started-at="2018-07-31T12:57:47Z" finished-at="2018-07-31T12:59:16Z">
      <class name="com.pCloudy.testNG.Runner">
        <test-method status="PASS" signature="setUpSuite()[pri:0, instance:com.pCloudy.testNG.Runner@6d7b4f4c]" name="setUpSuite" is-config="true" duration-ms="13" started-at="2018-07-31T18:27:47Z" finished-at="2018-07-31T18:27:47Z">
          <reporter-output>
          </reporter-output>
        </test-method> <!-- setUpSuite -->
        <test-method status="PASS" signature="prepareTest(java.lang.String)[pri:0, instance:com.pCloudy.testNG.Runner@6d7b4f4c]" name="prepareTest" is-config="true" duration-ms="65409" started-at="2018-07-31T18:27:47Z" finished-at="2018-07-31T18:28:52Z">
          <params>
            <param index="0">
              <value>
                <![CDATA[Apple]]>
              </value>
            </param>
          </params>
          <reporter-output>
          </reporter-output>
        </test-method> <!-- prepareTest -->
        <test-method status="PASS" signature="Test()[pri:0, instance:com.pCloudy.testNG.Runner@6d7b4f4c]" name="Test" duration-ms="23155" started-at="2018-07-31T18:28:52Z" finished-at="2018-07-31T18:29:15Z">
          <reporter-output>
          </reporter-output>
        </test-method> <!-- Test -->
        <test-method status="PASS" signature="endTest()[pri:0, instance:com.pCloudy.testNG.Runner@6d7b4f4c]" name="endTest" is-config="true" duration-ms="381" started-at="2018-07-31T18:29:15Z" finished-at="2018-07-31T18:29:16Z">
          <reporter-output>
          </reporter-output>
        </test-method> <!-- endTest -->
      </class> <!-- com.pCloudy.testNG.Runner -->
    </test> <!-- Test1 -->
    <test name="Test" duration-ms="211034" started-at="2018-07-31T12:57:47Z" finished-at="2018-07-31T13:01:18Z">
      <class name="com.pCloudy.testNG.Runner">
        <test-method status="PASS" signature="setUpSuite()[pri:0, instance:com.pCloudy.testNG.Runner@148080bb]" name="setUpSuite" is-config="true" duration-ms="9" started-at="2018-07-31T18:27:47Z" finished-at="2018-07-31T18:27:47Z">
          <reporter-output>
          </reporter-output>
        </test-method> <!-- setUpSuite -->
        <test-method status="PASS" signature="prepareTest(java.lang.String)[pri:0, instance:com.pCloudy.testNG.Runner@148080bb]" name="prepareTest" is-config="true" duration-ms="75811" started-at="2018-07-31T18:27:47Z" finished-at="2018-07-31T18:29:02Z">
          <params>
            <param index="0">
              <value>
                <![CDATA[Apple]]>
              </value>
            </param>
          </params>
          <reporter-output>
          </reporter-output>
        </test-method> <!-- prepareTest -->
        <test-method status="PASS" signature="Test()[pri:0, instance:com.pCloudy.testNG.Runner@148080bb]" name="Test" duration-ms="134750" started-at="2018-07-31T18:29:02Z" finished-at="2018-07-31T18:31:17Z">
          <reporter-output>
          </reporter-output>
        </test-method> <!-- Test -->
        <test-method status="PASS" signature="endTest()[pri:0, instance:com.pCloudy.testNG.Runner@148080bb]" name="endTest" is-config="true" duration-ms="430" started-at="2018-07-31T18:31:17Z" finished-at="2018-07-31T18:31:18Z">
          <reporter-output>
          </reporter-output>
        </test-method> <!-- endTest -->
      </class> <!-- com.pCloudy.testNG.Runner -->
    </test> <!-- Test -->
  </suite> <!-- pCloudy Suite -->
</testng-results>
