<?xml version="1.0" encoding="UTF-8"?>
<testng-results skipped="0" failed="0" ignored="0" total="2" passed="2">
  <reporter-output>
  </reporter-output>
  <suite name="pCloudy Suite" duration-ms="45089" started-at="2020-09-28T06:12:58Z" finished-at="2020-09-28T06:13:43Z">
    <groups>
    </groups>
    <test name="Test" duration-ms="44127" started-at="2020-09-28T06:12:58Z" finished-at="2020-09-28T06:13:42Z">
      <class name="com.seleniumWebdriver.SeleniumRunner">
        <test-method status="PASS" signature="setUpSuite()[pri:0, instance:com.seleniumWebdriver.SeleniumRunner@7823a2f9]" name="setUpSuite" is-config="true" duration-ms="6" started-at="2020-09-28T11:42:58Z" finished-at="2020-09-28T11:42:58Z">
          <reporter-output>
          </reporter-output>
        </test-method> <!-- setUpSuite -->
        <test-method status="PASS" signature="prepareTest(java.lang.String, java.lang.String, java.lang.String, java.lang.String)[pri:0, instance:com.seleniumWebdriver.SeleniumRunner@7823a2f9]" name="prepareTest" is-config="true" duration-ms="25165" started-at="2020-09-28T11:42:58Z" finished-at="2020-09-28T11:43:23Z">
          <params>
            <param index="0">
              <value>
                <![CDATA[Windows]]>
              </value>
            </param>
            <param index="1">
              <value>
                <![CDATA[10]]>
              </value>
            </param>
            <param index="2">
              <value>
                <![CDATA[firefox]]>
              </value>
            </param>
            <param index="3">
              <value>
                <![CDATA[79]]>
              </value>
            </param>
          </params>
          <reporter-output>
          </reporter-output>
        </test-method> <!-- prepareTest -->
        <test-method status="PASS" signature="Test()[pri:0, instance:com.seleniumWebdriver.SeleniumRunner@7823a2f9]" name="Test" duration-ms="17405" started-at="2020-09-28T11:43:23Z" finished-at="2020-09-28T11:43:41Z">
          <reporter-output>
          </reporter-output>
        </test-method> <!-- Test -->
        <test-method status="PASS" signature="afterMethod()[pri:0, instance:com.seleniumWebdriver.SeleniumRunner@7823a2f9]" name="afterMethod" is-config="true" duration-ms="1535" started-at="2020-09-28T11:43:41Z" finished-at="2020-09-28T11:43:42Z">
          <reporter-output>
          </reporter-output>
        </test-method> <!-- afterMethod -->
      </class> <!-- com.seleniumWebdriver.SeleniumRunner -->
    </test> <!-- Test -->
    <test name="Test1" duration-ms="45089" started-at="2020-09-28T06:12:58Z" finished-at="2020-09-28T06:13:43Z">
      <class name="com.seleniumWebdriver.SeleniumRunner">
        <test-method status="PASS" signature="setUpSuite()[pri:0, instance:com.seleniumWebdriver.SeleniumRunner@26653222]" name="setUpSuite" is-config="true" duration-ms="6" started-at="2020-09-28T11:42:58Z" finished-at="2020-09-28T11:42:58Z">
          <reporter-output>
          </reporter-output>
        </test-method> <!-- setUpSuite -->
        <test-method status="PASS" signature="prepareTest(java.lang.String, java.lang.String, java.lang.String, java.lang.String)[pri:0, instance:com.seleniumWebdriver.SeleniumRunner@26653222]" name="prepareTest" is-config="true" duration-ms="18552" started-at="2020-09-28T11:42:58Z" finished-at="2020-09-28T11:43:17Z">
          <params>
            <param index="0">
              <value>
                <![CDATA[Windows]]>
              </value>
            </param>
            <param index="1">
              <value>
                <![CDATA[10]]>
              </value>
            </param>
            <param index="2">
              <value>
                <![CDATA[msedge]]>
              </value>
            </param>
            <param index="3">
              <value>
                <![CDATA[85]]>
              </value>
            </param>
          </params>
          <reporter-output>
          </reporter-output>
        </test-method> <!-- prepareTest -->
        <test-method status="PASS" signature="Test()[pri:0, instance:com.seleniumWebdriver.SeleniumRunner@26653222]" name="Test" duration-ms="25920" started-at="2020-09-28T11:43:17Z" finished-at="2020-09-28T11:43:43Z">
          <reporter-output>
          </reporter-output>
        </test-method> <!-- Test -->
        <test-method status="PASS" signature="afterMethod()[pri:0, instance:com.seleniumWebdriver.SeleniumRunner@26653222]" name="afterMethod" is-config="true" duration-ms="595" started-at="2020-09-28T11:43:43Z" finished-at="2020-09-28T11:43:43Z">
          <reporter-output>
          </reporter-output>
        </test-method> <!-- afterMethod -->
      </class> <!-- com.seleniumWebdriver.SeleniumRunner -->
    </test> <!-- Test1 -->
  </suite> <!-- pCloudy Suite -->
</testng-results>
