<?xml version="1.0" encoding="UTF-8"?>
<testng-results ignored="0" total="1" passed="1" failed="0" skipped="0">
  <reporter-output>
  </reporter-output>
  <suite started-at="2024-10-18T14:51:30Z" name="Default suite" finished-at="2024-10-18T14:52:27Z" duration-ms="57431">
    <groups>
    </groups>
    <test started-at="2024-10-18T14:51:30Z" name="Default test" finished-at="2024-10-18T14:52:27Z" duration-ms="57431">
      <class name="com.pCloudy.testNg.Runner">
        <test-method is-config="true" signature="setupSuite()[pri:0, instance:com.pCloudy.testNg.Runner@6574a52c]" started-at="2024-10-18T20:21:30Z" name="setupSuite" finished-at="2024-10-18T20:21:30Z" duration-ms="6" status="PASS">
          <reporter-output>
          </reporter-output>
        </test-method> <!-- setupSuite -->
        <test-method is-config="true" signature="prepareDriver()[pri:0, instance:com.pCloudy.testNg.Runner@6574a52c]" started-at="2024-10-18T20:21:30Z" name="prepareDriver" finished-at="2024-10-18T20:21:45Z" duration-ms="15050" status="PASS">
          <reporter-output>
          </reporter-output>
        </test-method> <!-- prepareDriver -->
        <test-method signature="demoTest()[pri:0, instance:com.pCloudy.testNg.Runner@6574a52c]" started-at="2024-10-18T20:21:45Z" name="demoTest" finished-at="2024-10-18T20:22:27Z" duration-ms="41595" status="PASS">
          <reporter-output>
          </reporter-output>
        </test-method> <!-- demoTest -->
        <test-method is-config="true" signature="aftermethod()[pri:0, instance:com.pCloudy.testNg.Runner@6574a52c]" started-at="2024-10-18T20:22:27Z" name="aftermethod" finished-at="2024-10-18T20:22:27Z" duration-ms="766" status="PASS">
          <reporter-output>
          </reporter-output>
        </test-method> <!-- aftermethod -->
      </class> <!-- com.pCloudy.testNg.Runner -->
    </test> <!-- Default test -->
  </suite> <!-- Default suite -->
</testng-results>
