<?xml version="1.0" encoding="UTF-8"?>
<testng-results skipped="0" failed="0" ignored="0" total="2" passed="2">
  <reporter-output>
  </reporter-output>
  <suite name="pCloudy Suite" duration-ms="70780" started-at="2018-07-31T12:47:10Z" finished-at="2018-07-31T12:48:21Z">
    <groups>
    </groups>
    <test name="Test1" duration-ms="65357" started-at="2018-07-31T12:47:10Z" finished-at="2018-07-31T12:48:15Z">
      <class name="com.pCloudy.testNG.Runner">
        <test-method status="PASS" signature="setUpSuite()[pri:0, instance:com.pCloudy.testNG.Runner@13a5fe33]" name="setUpSuite" is-config="true" duration-ms="12" started-at="2018-07-31T18:17:10Z" finished-at="2018-07-31T18:17:10Z">
          <reporter-output>
          </reporter-output>
        </test-method> <!-- setUpSuite -->
        <test-method status="PASS" signature="prepareTest(java.lang.String)[pri:0, instance:com.pCloudy.testNG.Runner@13a5fe33]" name="prepareTest" is-config="true" duration-ms="40614" started-at="2018-07-31T18:17:10Z" finished-at="2018-07-31T18:17:51Z">
          <params>
            <param index="0">
              <value>
                <![CDATA[Google]]>
              </value>
            </param>
          </params>
          <reporter-output>
          </reporter-output>
        </test-method> <!-- prepareTest -->
        <test-method status="PASS" signature="Test()[pri:0, instance:com.pCloudy.testNG.Runner@13a5fe33]" name="Test" duration-ms="23234" started-at="2018-07-31T18:17:51Z" finished-at="2018-07-31T18:18:14Z">
          <reporter-output>
          </reporter-output>
        </test-method> <!-- Test -->
        <test-method status="PASS" signature="endTest()[pri:0, instance:com.pCloudy.testNG.Runner@13a5fe33]" name="endTest" is-config="true" duration-ms="1457" started-at="2018-07-31T18:18:14Z" finished-at="2018-07-31T18:18:15Z">
          <reporter-output>
          </reporter-output>
        </test-method> <!-- endTest -->
      </class> <!-- com.pCloudy.testNG.Runner -->
    </test> <!-- Test1 -->
    <test name="Test" duration-ms="70780" started-at="2018-07-31T12:47:10Z" finished-at="2018-07-31T12:48:21Z">
      <class name="com.pCloudy.testNG.Runner">
        <test-method status="PASS" signature="setUpSuite()[pri:0, instance:com.pCloudy.testNG.Runner@10bdf5e5]" name="setUpSuite" is-config="true" duration-ms="12" started-at="2018-07-31T18:17:10Z" finished-at="2018-07-31T18:17:10Z">
          <reporter-output>
          </reporter-output>
        </test-method> <!-- setUpSuite -->
        <test-method status="PASS" signature="prepareTest(java.lang.String)[pri:0, instance:com.pCloudy.testNG.Runner@10bdf5e5]" name="prepareTest" is-config="true" duration-ms="41838" started-at="2018-07-31T18:17:10Z" finished-at="2018-07-31T18:17:52Z">
          <params>
            <param index="0">
              <value>
                <![CDATA[Samsung]]>
              </value>
            </param>
          </params>
          <reporter-output>
          </reporter-output>
        </test-method> <!-- prepareTest -->
        <test-method status="PASS" signature="Test()[pri:0, instance:com.pCloudy.testNG.Runner@10bdf5e5]" name="Test" duration-ms="27927" started-at="2018-07-31T18:17:52Z" finished-at="2018-07-31T18:18:20Z">
          <reporter-output>
          </reporter-output>
        </test-method> <!-- Test -->
        <test-method status="PASS" signature="endTest()[pri:0, instance:com.pCloudy.testNG.Runner@10bdf5e5]" name="endTest" is-config="true" duration-ms="963" started-at="2018-07-31T18:18:20Z" finished-at="2018-07-31T18:18:21Z">
          <reporter-output>
          </reporter-output>
        </test-method> <!-- endTest -->
      </class> <!-- com.pCloudy.testNG.Runner -->
    </test> <!-- Test -->
  </suite> <!-- pCloudy Suite -->
</testng-results>
