<?xml version="1.0" encoding="UTF-8"?>
<!-- Generated by org.testng.reporters.JUnitXMLReporter -->
<testsuite hostname="Yammys-MacBook-Pro.local" name="test_Samsung Galaxy E5 5.1.1" tests="2" failures="0" timestamp="19 Jul 2017 11:24:30 GMT" time="310.004" errors="0">
  <testcase name="@BeforeClass beforeClass" time="0.0" classname="pcloudy.testng.TestClass2">
    <failure type="org.openqa.selenium.WebDriverException" message="cannot forward the request Connect to 192.168.1.11:18026 [/192.168.1.11] failed: Connection refused (Connection refused)
Command duration or timeout: 156 milliseconds
Build info: version: &amp;apos;3.0.1&amp;apos;, revision: &amp;apos;1969d75&amp;apos;, time: &amp;apos;2016-10-18 09:49:13 -0700&amp;apos;
System info: host: &amp;apos;Yammys-MacBook-Pro.local&amp;apos;, ip: &amp;apos;192.168.1.249&amp;apos;, os.name: &amp;apos;Mac OS X&amp;apos;, os.arch: &amp;apos;x86_64&amp;apos;, os.version: &amp;apos;10.12.5&amp;apos;, java.version: &amp;apos;1.8.0_121&amp;apos;
Driver info: io.appium.java_client.android.AndroidDriver
Capabilities [{networkConnectionEnabled=true, warnings={}, databaseEnabled=false, deviceName=fb27d64e, launchTimeout=90000, usePrebuiltWDA=true, platform=LINUX, deviceUDID=fb27d64e, desired={acceptAlerts=true, newCommandTimeout=600, platformVersion=5.1.1, browserName=Chrome, platformName=Android, udid=fb27d64e, deviceName=126, launchTimeout=90000, usePrebuiltWDA=true}, acceptAlerts=true, newCommandTimeout=600, platformVersion=5.1.1, webStorageEnabled=false, locationContextEnabled=false, takesScreenshot=true, browserName=Chrome, javascriptEnabled=true, platformName=Android, udid=fb27d64e}]
Session ID: 2a822c7c-bfdb-4924-ac0f-02de1bfb18c8">
      <![CDATA[org.openqa.selenium.WebDriverException: cannot forward the request Connect to 192.168.1.11:18026 [/192.168.1.11] failed: Connection refused (Connection refused)
Command duration or timeout: 156 milliseconds
Build info: version: '3.0.1', revision: '1969d75', time: '2016-10-18 09:49:13 -0700'
System info: host: 'Yammys-MacBook-Pro.local', ip: '192.168.1.249', os.name: 'Mac OS X', os.arch: 'x86_64', os.version: '10.12.5', java.version: '1.8.0_121'
Driver info: io.appium.java_client.android.AndroidDriver
Capabilities [{networkConnectionEnabled=true, warnings={}, databaseEnabled=false, deviceName=fb27d64e, launchTimeout=90000, usePrebuiltWDA=true, platform=LINUX, deviceUDID=fb27d64e, desired={acceptAlerts=true, newCommandTimeout=600, platformVersion=5.1.1, browserName=Chrome, platformName=Android, udid=fb27d64e, deviceName=126, launchTimeout=90000, usePrebuiltWDA=true}, acceptAlerts=true, newCommandTimeout=600, platformVersion=5.1.1, webStorageEnabled=false, locationContextEnabled=false, takesScreenshot=true, browserName=Chrome, javascriptEnabled=true, platformName=Android, udid=fb27d64e}]
Session ID: 2a822c7c-bfdb-4924-ac0f-02de1bfb18c8
	at org.openqa.selenium.remote.ErrorHandler.createThrowable(ErrorHandler.java:216)
	at org.openqa.selenium.remote.ErrorHandler.throwIfResponseFailed(ErrorHandler.java:168)
	at org.openqa.selenium.remote.RemoteWebDriver.execute(RemoteWebDriver.java:635)
	at io.appium.java_client.DefaultGenericMobileDriver.execute(DefaultGenericMobileDriver.java:46)
	at io.appium.java_client.AppiumDriver.execute(AppiumDriver.java:1)
	at io.appium.java_client.android.AndroidDriver.execute(AndroidDriver.java:1)
	at org.openqa.selenium.remote.RemoteWebDriver.quit(RemoteWebDriver.java:497)
	at pcloudy.testng.TestSetUp.beforeClass(TestSetUp.java:74)
	at java.util.concurrent.FutureTask.run(FutureTask.java:266)
	at java.util.concurrent.ThreadPoolExecutor.runWorker(ThreadPoolExecutor.java:1142)
	at java.util.concurrent.ThreadPoolExecutor$Worker.run(ThreadPoolExecutor.java:617)
	at java.lang.Thread.run(Thread.java:745)
Caused by: org.openqa.selenium.WebDriverException: cannot forward the request Connect to 192.168.1.11:18026 [/192.168.1.11] failed: Connection refused (Connection refused)
Build info: version: '3.0.1', revision: '1969d75', time: '2016-10-18 09:49:13 -0700'
System info: host: 'Yammys-MacBook-Pro.local', ip: '192.168.1.249', os.name: 'Mac OS X', os.arch: 'x86_64', os.version: '10.12.5', java.version: '1.8.0_121'
Driver info: driver.version: unknown
	at org.openqa.grid.web.servlet.handler.RequestHandler.process(RequestHandler.java:139)
	at org.openqa.grid.web.servlet.DriverServlet.process(DriverServlet.java:83)
	at org.openqa.grid.web.servlet.DriverServlet.doDelete(DriverServlet.java:73)
	at javax.servlet.http.HttpServlet.service(HttpServlet.java:733)
	at javax.servlet.http.HttpServlet.service(HttpServlet.java:820)
	at org.seleniumhq.jetty7.servlet.ServletHolder.handle(ServletHolder.java:565)
	at org.seleniumhq.jetty7.servlet.ServletHandler.doHandle(ServletHandler.java:479)
	at org.seleniumhq.jetty7.server.session.SessionHandler.doHandle(SessionHandler.java:225)
	at org.seleniumhq.jetty7.server.handler.ContextHandler.doHandle(ContextHandler.java:1031)
	at org.seleniumhq.jetty7.servlet.ServletHandler.doScope(ServletHandler.java:406)
	at org.seleniumhq.jetty7.server.session.SessionHandler.doScope(SessionHandler.java:186)
	at org.seleniumhq.jetty7.server.handler.ContextHandler.doScope(ContextHandler.java:965)
	at org.seleniumhq.jetty7.server.handler.ScopedHandler.handle(ScopedHandler.java:117)
	at org.seleniumhq.jetty7.server.handler.HandlerWrapper.handle(HandlerWrapper.java:111)
	at org.seleniumhq.jetty7.server.Server.handle(Server.java:349)
	at org.seleniumhq.jetty7.server.AbstractHttpConnection.handleRequest(AbstractHttpConnection.java:452)
	at org.seleniumhq.jetty7.server.BlockingHttpConnection.handleRequest(BlockingHttpConnection.java:47)
	at org.seleniumhq.jetty7.server.AbstractHttpConnection.headerComplete(AbstractHttpConnection.java:884)
	at org.seleniumhq.jetty7.server.AbstractHttpConnection$RequestHandler.headerComplete(AbstractHttpConnection.java:938)
	at org.seleniumhq.jetty7.http.HttpParser.parseNext(HttpParser.java:634)
	at org.seleniumhq.jetty7.http.HttpParser.parseAvailable(HttpParser.java:230)
	at org.seleniumhq.jetty7.server.BlockingHttpConnection.handle(BlockingHttpConnection.java:66)
	at org.seleniumhq.jetty7.server.bio.SocketConnector$ConnectorEndPoint.run(SocketConnector.java:254)
	at org.seleniumhq.jetty7.util.thread.QueuedThreadPool.runJob(QueuedThreadPool.java:599)
	at org.seleniumhq.jetty7.util.thread.QueuedThreadPool$3.run(QueuedThreadPool.java:534)
	... 1 more
... Removed 20 stack frames]]>
    </failure>
  </testcase> <!-- @BeforeClass beforeClass -->
  <testcase name="@AfterClass afterClass" time="0.0" classname="pcloudy.testng.TestClass2">
    <skipped/>
  </testcase> <!-- @AfterClass afterClass -->
  <testcase name="test1" time="26.641" classname="pcloudy.testng.TestClass1"/>
  <testcase name="test2" time="0.0" classname="pcloudy.testng.TestClass2">
    <skipped/>
  </testcase> <!-- test2 -->
</testsuite> <!-- test_Samsung Galaxy E5 5.1.1 -->
