<?xml version="1.0" encoding="UTF-8"?>
<testng-results skipped="0" failed="0" total="2" passed="2">
  <reporter-output>
  </reporter-output>
  <suite name="pCloudy Suite" duration-ms="42305" started-at="2017-07-19T08:58:08Z" finished-at="2017-07-19T08:58:51Z">
    <groups>
    </groups>
    <test name="test_Asus Zenfone Pegasus III 6.0.0" duration-ms="42305" started-at="2017-07-19T08:58:08Z" finished-at="2017-07-19T08:58:51Z">
      <class name="com.testng.pCloudy.TestClass2">
        <test-method status="PASS" signature="beforeClass(java.lang.String)[pri:0, instance:com.testng.pCloudy.TestClass2@66935b18]" name="beforeClass" is-config="true" duration-ms="10564" started-at="2017-07-19T14:28:32Z" finished-at="2017-07-19T14:28:43Z">
          <params>
            <param index="0">
              <value>
                <![CDATA[Asus Zenfone Pegasus III 6.0.0]]>
              </value>
            </param>
          </params>
          <reporter-output>
          </reporter-output>
        </test-method> <!-- beforeClass -->
        <test-method status="PASS" signature="test2(java.lang.String)[pri:0, instance:com.testng.pCloudy.TestClass2@66935b18]" name="test2" duration-ms="1549" started-at="2017-07-19T14:28:43Z" finished-at="2017-07-19T14:28:44Z">
          <params>
            <param index="0">
              <value>
                <![CDATA[Asus Zenfone Pegasus III 6.0.0]]>
              </value>
            </param>
          </params>
          <reporter-output>
          </reporter-output>
        </test-method> <!-- test2 -->
        <test-method status="PASS" signature="afterClass(java.lang.String)[pri:0, instance:com.testng.pCloudy.TestClass2@66935b18]" name="afterClass" is-config="true" duration-ms="4092" started-at="2017-07-19T14:28:44Z" finished-at="2017-07-19T14:28:49Z">
          <params>
            <param index="0">
              <value>
                <![CDATA[Asus Zenfone Pegasus III 6.0.0]]>
              </value>
            </param>
          </params>
          <reporter-output>
          </reporter-output>
        </test-method> <!-- afterClass -->
      </class> <!-- com.testng.pCloudy.TestClass2 -->
      <class name="com.testng.pCloudy.TestClass1">
        <test-method status="PASS" signature="beforeTest(java.lang.String)[pri:0, instance:com.testng.pCloudy.TestClass1@63940561]" name="beforeTest" is-config="true" duration-ms="7" started-at="2017-07-19T14:28:08Z" finished-at="2017-07-19T14:28:08Z">
          <params>
            <param index="0">
              <value>
                <![CDATA[Asus Zenfone Pegasus III 6.0.0]]>
              </value>
            </param>
          </params>
          <reporter-output>
          </reporter-output>
        </test-method> <!-- beforeTest -->
        <test-method status="PASS" signature="beforeClass(java.lang.String)[pri:0, instance:com.testng.pCloudy.TestClass1@63940561]" name="beforeClass" is-config="true" duration-ms="18180" started-at="2017-07-19T14:28:08Z" finished-at="2017-07-19T14:28:27Z">
          <params>
            <param index="0">
              <value>
                <![CDATA[Asus Zenfone Pegasus III 6.0.0]]>
              </value>
            </param>
          </params>
          <reporter-output>
          </reporter-output>
        </test-method> <!-- beforeClass -->
        <test-method status="PASS" signature="test1(java.lang.String)[pri:0, instance:com.testng.pCloudy.TestClass1@63940561]" name="test1" duration-ms="1665" started-at="2017-07-19T14:28:27Z" finished-at="2017-07-19T14:28:28Z">
          <params>
            <param index="0">
              <value>
                <![CDATA[Asus Zenfone Pegasus III 6.0.0]]>
              </value>
            </param>
          </params>
          <reporter-output>
          </reporter-output>
        </test-method> <!-- test1 -->
        <test-method status="PASS" signature="afterClass(java.lang.String)[pri:0, instance:com.testng.pCloudy.TestClass1@63940561]" name="afterClass" is-config="true" duration-ms="4087" started-at="2017-07-19T14:28:28Z" finished-at="2017-07-19T14:28:32Z">
          <params>
            <param index="0">
              <value>
                <![CDATA[Asus Zenfone Pegasus III 6.0.0]]>
              </value>
            </param>
          </params>
          <reporter-output>
          </reporter-output>
        </test-method> <!-- afterClass -->
        <test-method status="PASS" signature="afterTest(java.lang.String)[pri:0, instance:com.testng.pCloudy.TestClass1@63940561]" name="afterTest" is-config="true" duration-ms="2152" started-at="2017-07-19T14:28:49Z" finished-at="2017-07-19T14:28:51Z">
          <params>
            <param index="0">
              <value>
                <![CDATA[Asus Zenfone Pegasus III 6.0.0]]>
              </value>
            </param>
          </params>
          <reporter-output>
          </reporter-output>
        </test-method> <!-- afterTest -->
      </class> <!-- com.testng.pCloudy.TestClass1 -->
    </test> <!-- test_Asus Zenfone Pegasus III 6.0.0 -->
  </suite> <!-- pCloudy Suite -->
</testng-results>
