<?xml version="1.0" encoding="UTF-8"?>
<testng-results skipped="0" failed="0" ignored="0" total="1" passed="1">
  <reporter-output>
  </reporter-output>
  <suite name="Default suite" duration-ms="94067" started-at="2018-07-31T12:03:01Z" finished-at="2018-07-31T12:04:35Z">
    <groups>
    </groups>
    <test name="Default test" duration-ms="94067" started-at="2018-07-31T12:03:01Z" finished-at="2018-07-31T12:04:35Z">
      <class name="com.pCloudy.testNG.Runner">
        <test-method status="PASS" signature="setUpSuite()[pri:0, instance:com.pCloudy.testNG.Runner@192b07fd]" name="setUpSuite" is-config="true" duration-ms="12" started-at="2018-07-31T17:33:01Z" finished-at="2018-07-31T17:33:01Z">
          <reporter-output>
          </reporter-output>
        </test-method> <!-- setUpSuite -->
        <test-method status="PASS" signature="prepareTest()[pri:0, instance:com.pCloudy.testNG.Runner@192b07fd]" name="prepareTest" is-config="true" duration-ms="68715" started-at="2018-07-31T17:33:01Z" finished-at="2018-07-31T17:34:10Z">
          <reporter-output>
          </reporter-output>
        </test-method> <!-- prepareTest -->
        <test-method status="PASS" signature="Test1()[pri:0, instance:com.pCloudy.testNG.Runner@192b07fd]" name="Test1" duration-ms="24871" started-at="2018-07-31T17:34:10Z" finished-at="2018-07-31T17:34:35Z">
          <reporter-output>
          </reporter-output>
        </test-method> <!-- Test1 -->
        <test-method status="PASS" signature="endTest()[pri:0, instance:com.pCloudy.testNG.Runner@192b07fd]" name="endTest" is-config="true" duration-ms="440" started-at="2018-07-31T17:34:35Z" finished-at="2018-07-31T17:34:35Z">
          <reporter-output>
          </reporter-output>
        </test-method> <!-- endTest -->
      </class> <!-- com.pCloudy.testNG.Runner -->
    </test> <!-- Default test -->
  </suite> <!-- Default suite -->
</testng-results>
